FJ: 2.66084516e+00 1.90765830e+00 1.41003920e+00 7.84143112e-01
N2: 2.64483763e+00 2.02365371e+00 1.30157079e+00 7.84143112e-01
p0: 1.62438890e-01 6.25392285e-01 4.09343150e-01 9.21314155e-01 diB = 1
p1: 2.69632052e-01 5.85558303e-01 9.89932904e-01 3.63989057e-01 diB = 1
p2: 2.27571829e-01 5.78061581e-01 3.43694768e-02 6.44574549e-01 diB = 1
p3: 4.76334188e-02 5.71913249e-01 2.87466560e-01 8.98888730e-01 diB = 1
p4: 3.37282350e-01 5.32833104e-01 4.05735829e-01 2.16704046e-01 diB = 1
p5: 8.82961522e-02 8.16650033e-01 7.66598052e-01 1.15378828e-01 diB = 1
p6: 7.72333107e-01 1.35580207e-01 5.07018226e-03 6.96066284e-01 diB = 1
p7: 4.43981246e-01 5.08182606e-01 3.96678581e-01 1.35825935e-01 diB = 1
p8: 3.74552676e-01 3.76654769e-01 5.12892128e-01 8.36544718e-01 diB = 1
p9: 6.43715442e-01 5.98712126e-01 6.00025716e-01 7.90217500e-01 diB = 1
d  1  0 = 0.796138
d  2  0 = 1.10277
d  2  1 = 1.72746
d  3  0 = 0.562424
d  3  1 = 1.34632
d  3  2 = 1.00794
d  4  0 = 1.45116
d  4  1 = 1.91669
d  4  2 = 0.501491
d  4  3 = 1.47954
d  5  0 = 1.08002
d  5  1 = 1.86241
d  5  2 = 0.669839
d  5  3 = 0.653608
d  5  4 = 1.16081
d  6  0 = 3.21489
d  6  1 = 3.22237
d  6  2 = 2.58812
d  6  3 = 3.46674
d  6  4 = 2.09634
d  6  5 = 3.25562
d  7  0 = 2.12962
d  7  1 = 2.54991
d  7  2 = 1.1233
d  7  3 = 2.13032
d  7  4 = 0.678797
d  7  5 = 1.70918
d  7  6 = 1.72587
d  8  0 = 1.44725
d  8  1 = 0.880502
d  8  2 = 1.94033
d  8  3 = 1.99308
d  8  4 = 1.89748
d  8  5 = 2.32997
d  8  6 = 2.5732
d  8  7 = 2.38228
d  9  0 = 1.41952
d  9  1 = 1.20586
d  9  2 = 1.50708
d  9  3 = 1.87333
d  9  4 = 1.34253
d  9  5 = 2.03035
d  9  6 = 2.02524
d  9  7 = 1.75709
d  9  8 = 0.64629
