FJ: 2.11317698e+00 1.01834823e+00 
N2: 3.13024378e+00 
p0: 8.97468699e-01 1.32947135e-01 7.91139461e-01 4.69994609e-01 diB = 1
p1: 8.77299741e-01 2.30580571e-01 3.15413446e-01 3.40713308e-01 diB = 1
p2: 9.68491328e-01 3.14734271e-01 1.08680891e-01 2.85312589e-01 diB = 1
p3: 2.71065711e-01 1.65697741e-01 1.05739105e-03 4.66321274e-01 diB = 1
d  1  0 = 0.662417
d  2  0 = 1.28981
d  2  1 = 0.628317
d  3  0 = 0.51794
d  3  1 = 0.437544
d  3  2 = 0.980322

FJ: 2.51891659e+00 1.02966739e+00 
N2: 3.51511888e+00 
p0: 2.64819834e-01 7.44341963e-01 5.25598242e-02 7.19113792e-01 diB = 1
p1: 6.68790024e-01 9.11727726e-01 7.56004949e-01 8.84729323e-01 diB = 1
p2: 7.59623599e-01 2.08843509e-01 8.05554242e-01 4.39492228e-01 diB = 1
p3: 4.33101614e-01 9.34150916e-01 1.12252356e-01 3.75732621e-01 diB = 1
d  1  0 = 0.491321
d  2  0 = 1.07446
d  2  1 = 0.675032
d  3  0 = 0.729044
d  3  1 = 1.13651
d  3  2 = 1.48478
